# JRE version: OpenJDK Runtime Environment Temurin-17.0.3+7 (17.0.3+7) (build 17.0.3+7)
# Java VM: OpenJDK 64-Bit Server VM Temurin-17.0.3+7 (17.0.3+7, mixed mode, tiered, compressed oops, compressed class ptrs, g1 gc, windows-amd64)
GC Precious Log:
 CPUs: 8 total, 8 available
 Memory: 6021M
 Large Page Support: Disabled
 NUMA Support: Disabled
 Compressed Oops: Enabled (32-bit)
 Heap Region Size: 1M
 Heap Min Capacity: 8M
 Heap Initial Capacity: 96M
 Heap Max Capacity: 1506M
 Pre-touch: Disabled
 Parallel Workers: 8
 Concurrent Workers: 2
 Concurrent Refinement Workers: 8
 Periodic GC: Disabled
Heap:
 garbage-first heap   total 266240K, used 108527K [0x00000000a1e00000, 0x0000000100000000)
  region size 1024K, 12 young (12288K), 3 survivors (3072K)
 Metaspace       used 39843K, committed 40064K, reserved 1089536K
  class space    used 4286K, committed 4416K, reserved 1048576K
GC Heap History (20 events):
Event: 1082.572 GC heap before
{Heap before GC invocations=31 (full 0):
 garbage-first heap   total 91136K, used 60381K [0x00000000a1e00000, 0x0000000100000000)
  region size 1024K, 15 young (15360K), 2 survivors (2048K)
 Metaspace       used 37384K, committed 37696K, reserved 1089536K
  class space    used 4084K, committed 4224K, reserved 1048576K
}
Event: 1082.574 GC heap after
{Heap after GC invocations=32 (full 0):
 garbage-first heap   total 91136K, used 48015K [0x00000000a1e00000, 0x0000000100000000)
  region size 1024K, 2 young (2048K), 2 survivors (2048K)
 Metaspace       used 37384K, committed 37696K, reserved 1089536K
  class space    used 4084K, committed 4224K, reserved 1048576K
}
Event: 1518.516 GC heap before
{Heap before GC invocations=33 (full 0):
 garbage-first heap   total 92160K, used 81807K [0x00000000a1e00000, 0x0000000100000000)
  region size 1024K, 30 young (30720K), 2 survivors (2048K)
 Metaspace       used 37454K, committed 37760K, reserved 1089536K
  class space    used 4087K, committed 4224K, reserved 1048576K
}
Event: 1518.519 GC heap after
{Heap after GC invocations=34 (full 0):
 garbage-first heap   total 92160K, used 53190K [0x00000000a1e00000, 0x0000000100000000)
  region size 1024K, 2 young (2048K), 2 survivors (2048K)
 Metaspace       used 37454K, committed 37760K, reserved 1089536K
  class space    used 4087K, committed 4224K, reserved 1048576K
}
Event: 1518.593 GC heap before
{Heap before GC invocations=34 (full 0):
 garbage-first heap   total 92160K, used 54214K [0x00000000a1e00000, 0x0000000100000000)
  region size 1024K, 4 young (4096K), 2 survivors (2048K)
 Metaspace       used 37456K, committed 37760K, reserved 1089536K
  class space    used 4087K, committed 4224K, reserved 1048576K
}
Event: 1518.596 GC heap after
{Heap after GC invocations=35 (full 0):
 garbage-first heap   total 92160K, used 53111K [0x00000000a1e00000, 0x0000000100000000)
  region size 1024K, 2 young (2048K), 2 survivors (2048K)
 Metaspace       used 37456K, committed 37760K, reserved 1089536K
  class space    used 4087K, committed 4224K, reserved 1048576K
}
Event: 1855.717 GC heap before
{Heap before GC invocations=36 (full 0):
 garbage-first heap   total 101376K, used 74615K [0x00000000a1e00000, 0x0000000100000000)
  region size 1024K, 19 young (19456K), 2 survivors (2048K)
 Metaspace       used 37463K, committed 37760K, reserved 1089536K
  class space    used 4079K, committed 4224K, reserved 1048576K
}
Event: 1855.724 GC heap after
{Heap after GC invocations=37 (full 0):
 garbage-first heap   total 101376K, used 58444K [0x00000000a1e00000, 0x0000000100000000)
  region size 1024K, 2 young (2048K), 2 survivors (2048K)
 Metaspace       used 37463K, committed 37760K, reserved 1089536K
  class space    used 4079K, committed 4224K, reserved 1048576K
}
Event: 2156.480 GC heap before
{Heap before GC invocations=38 (full 0):
 garbage-first heap   total 109568K, used 78924K [0x00000000a1e00000, 0x0000000100000000)
  region size 1024K, 18 young (18432K), 2 survivors (2048K)
 Metaspace       used 37487K, committed 37824K, reserved 1089536K
  class space    used 4077K, committed 4224K, reserved 1048576K
}
Event: 2156.483 GC heap after
{Heap after GC invocations=39 (full 0):
 garbage-first heap   total 132096K, used 63652K [0x00000000a1e00000, 0x0000000100000000)
  region size 1024K, 3 young (3072K), 3 survivors (3072K)
 Metaspace       used 37487K, committed 37824K, reserved 1089536K
  class space    used 4077K, committed 4224K, reserved 1048576K
}
Event: 2276.887 GC heap before
{Heap before GC invocations=40 (full 0):
 garbage-first heap   total 132096K, used 74916K [0x00000000a1e00000, 0x0000000100000000)
  region size 1024K, 10 young (10240K), 3 survivors (3072K)
 Metaspace       used 37520K, committed 37824K, reserved 1089536K
  class space    used 4078K, committed 4224K, reserved 1048576K
}
Event: 2276.889 GC heap after
{Heap after GC invocations=41 (full 0):
 garbage-first heap   total 132096K, used 68965K [0x00000000a1e00000, 0x0000000100000000)
  region size 1024K, 3 young (3072K), 3 survivors (3072K)
 Metaspace       used 37520K, committed 37824K, reserved 1089536K
  class space    used 4078K, committed 4224K, reserved 1048576K
}
Event: 2443.079 GC heap before
{Heap before GC invocations=42 (full 0):
 garbage-first heap   total 132096K, used 106853K [0x00000000a1e00000, 0x0000000100000000)
  region size 1024K, 36 young (36864K), 3 survivors (3072K)
 Metaspace       used 37579K, committed 37824K, reserved 1089536K
  class space    used 4083K, committed 4224K, reserved 1048576K
}
Event: 2443.083 GC heap after
{Heap after GC invocations=43 (full 0):
 garbage-first heap   total 132096K, used 74016K [0x00000000a1e00000, 0x0000000100000000)
  region size 1024K, 3 young (3072K), 3 survivors (3072K)
 Metaspace       used 37579K, committed 37824K, reserved 1089536K
  class space    used 4083K, committed 4224K, reserved 1048576K
}
Event: 2600.801 GC heap before
{Heap before GC invocations=44 (full 0):
 garbage-first heap   total 135168K, used 87328K [0x00000000a1e00000, 0x0000000100000000)
  region size 1024K, 12 young (12288K), 3 survivors (3072K)
 Metaspace       used 39427K, committed 39680K, reserved 1089536K
  class space    used 4256K, committed 4416K, reserved 1048576K
}
Event: 2600.804 GC heap after
{Heap after GC invocations=45 (full 0):
 garbage-first heap   total 135168K, used 79667K [0x00000000a1e00000, 0x0000000100000000)
  region size 1024K, 3 young (3072K), 3 survivors (3072K)
 Metaspace       used 39427K, committed 39680K, reserved 1089536K
  class space    used 4256K, committed 4416K, reserved 1048576K
}
Event: 2674.546 GC heap before
{Heap before GC invocations=46 (full 0):
 garbage-first heap   total 145408K, used 87859K [0x00000000a1e00000, 0x0000000100000000)
  region size 1024K, 7 young (7168K), 3 survivors (3072K)
 Metaspace       used 39485K, committed 39744K, reserved 1089536K
  class space    used 4260K, committed 4416K, reserved 1048576K
}
Event: 2674.551 GC heap after
{Heap after GC invocations=47 (full 0):
 garbage-first heap   total 145408K, used 84870K [0x00000000a1e00000, 0x0000000100000000)
  region size 1024K, 3 young (3072K), 3 survivors (3072K)
 Metaspace       used 39485K, committed 39744K, reserved 1089536K
  class space    used 4260K, committed 4416K, reserved 1048576K
}
Event: 2818.512 GC heap before
{Heap before GC invocations=48 (full 0):
 garbage-first heap   total 153600K, used 114566K [0x00000000a1e00000, 0x0000000100000000)
  region size 1024K, 28 young (28672K), 3 survivors (3072K)
 Metaspace       used 39522K, committed 39808K, reserved 1089536K
  class space    used 4261K, committed 4416K, reserved 1048576K
}
Event: 2818.521 GC heap after
{Heap after GC invocations=49 (full 0):
 garbage-first heap   total 266240K, used 90095K [0x00000000a1e00000, 0x0000000100000000)
  region size 1024K, 3 young (3072K), 3 survivors (3072K)
 Metaspace       used 39522K, committed 39808K, reserved 1089536K
  class space    used 4261K, committed 4416K, reserved 1048576K
}

