<?xml version="1.0" encoding="UTF-8"?>
<!-- Generated by org.testng.reporters.JUnitXMLReporter -->
<testsuite ignored="0" hostname="DESKTOP-D7V1PLT" failures="1" tests="1" name="Surefire test" time="10.901" errors="0" timestamp="2023-06-23T18:01:49 IST">
  <testcase classname="TestCase.VerifyLoginTestCase" name="LoginTestCase" time="2.062">
    <failure type="java.lang.NullPointerException" message="Cannot invoke &amp;quot;com.aventstack.extentreports.ExtentTest.createNode(String)&amp;quot; because &amp;quot;extentManager.ExtentManager.test&amp;quot; is null">
      <![CDATA[java.lang.NullPointerException: Cannot invoke "com.aventstack.extentreports.ExtentTest.createNode(String)" because "extentManager.ExtentManager.test" is null
at TestCase.VerifyLoginTestCase.LoginTestCase(VerifyLoginTestCase.java:31)
at java.base/java.util.ArrayList.forEach(ArrayList.java:1511)
... Removed 32 stack frames]]>
    </failure>
  </testcase> <!-- LoginTestCase -->
</testsuite> <!-- Surefire test -->
