<?xml version="1.0" encoding="UTF-8"?>
<!-- Generated by org.testng.reporters.JUnitXMLReporter -->
<testsuite ignored="14" hostname="DESKTOP-D7V1PLT" failures="0" tests="8" name="Test" time="1679.72" errors="0" timestamp="2023-12-05T15:24:59 IST">
  <testcase classname="TestCase.VerifyRisk" name="Risk" time="576.714"/>
  <testcase classname="TestCase.VerifyEntityOnboarding" name="EntityOnboarding" time="319.958"/>
  <testcase classname="TestCase.VerifyRiskImpact" name="RiskImpactTestCase" time="118.352"/>
  <testcase classname="TestCase.VerifyRiskImpactNegativeTestCase" name="RiskImpactNegativeTestCase" time="88.997"/>
  <testcase classname="TestCase.VerifyAssetSummaryValidation" name="AssetSummaryValidation" time="81.597"/>
  <testcase classname="TestCase.VerifyAssetSummaryValidationNegative" name="AssetSummaryValidationNegative" time="140.496"/>
  <testcase classname="TestCase.VerifyCostOfSecurityControl" name="CostOfSecurityControl" time="157.908"/>
  <testcase classname="TestCase.VerifyCostOfSecurityControlNegative" name="CostOfSecurityControlNegative" time="136.872"/>
  <testcase classname="Resources.BaseClass" name="@BeforeSuite BeforeSuite" time="0.0">
    <ignored/>
  </testcase> <!-- @BeforeSuite BeforeSuite -->
  <testcase classname="Resources.BaseClass" name="@BeforeSuite BeforeSuite" time="0.0">
    <ignored/>
  </testcase> <!-- @BeforeSuite BeforeSuite -->
  <testcase classname="Resources.BaseClass" name="@BeforeSuite BeforeSuite" time="0.0">
    <ignored/>
  </testcase> <!-- @BeforeSuite BeforeSuite -->
  <testcase classname="Resources.BaseClass" name="@BeforeSuite BeforeSuite" time="0.0">
    <ignored/>
  </testcase> <!-- @BeforeSuite BeforeSuite -->
  <testcase classname="Resources.BaseClass" name="@BeforeSuite BeforeSuite" time="0.0">
    <ignored/>
  </testcase> <!-- @BeforeSuite BeforeSuite -->
  <testcase classname="Resources.BaseClass" name="@BeforeSuite BeforeSuite" time="0.0">
    <ignored/>
  </testcase> <!-- @BeforeSuite BeforeSuite -->
  <testcase classname="Resources.BaseClass" name="@BeforeSuite BeforeSuite" time="0.0">
    <ignored/>
  </testcase> <!-- @BeforeSuite BeforeSuite -->
  <testcase classname="Resources.BaseClass" name="@AfterSuite AfterSuite" time="0.0">
    <ignored/>
  </testcase> <!-- @AfterSuite AfterSuite -->
  <testcase classname="Resources.BaseClass" name="@AfterSuite AfterSuite" time="0.0">
    <ignored/>
  </testcase> <!-- @AfterSuite AfterSuite -->
  <testcase classname="Resources.BaseClass" name="@AfterSuite AfterSuite" time="0.0">
    <ignored/>
  </testcase> <!-- @AfterSuite AfterSuite -->
  <testcase classname="Resources.BaseClass" name="@AfterSuite AfterSuite" time="0.0">
    <ignored/>
  </testcase> <!-- @AfterSuite AfterSuite -->
  <testcase classname="Resources.BaseClass" name="@AfterSuite AfterSuite" time="0.0">
    <ignored/>
  </testcase> <!-- @AfterSuite AfterSuite -->
  <testcase classname="Resources.BaseClass" name="@AfterSuite AfterSuite" time="0.0">
    <ignored/>
  </testcase> <!-- @AfterSuite AfterSuite -->
  <testcase classname="Resources.BaseClass" name="@AfterSuite AfterSuite" time="0.0">
    <ignored/>
  </testcase> <!-- @AfterSuite AfterSuite -->
</testsuite> <!-- Test -->
