<?xml version="1.0" encoding="UTF-8"?>
<testng-results ignored="0" total="1" passed="1" failed="0" skipped="0">
  <reporter-output>
  </reporter-output>
  <suite started-at="2024-06-14T23:22:15 IST" name="Suite" finished-at="2024-06-14T23:26:26 IST" duration-ms="250746">
    <groups>
    </groups>
    <test started-at="2024-06-14T23:22:15 IST" name="Test" finished-at="2024-06-14T23:26:26 IST" duration-ms="250746">
      <class name="TestCase.Allmoduletestcases">
        <test-method is-config="true" signature="BeforeSuite()[pri:0, instance:TestCase.Allmoduletestcases@7f3b84b8]" started-at="2024-06-14T23:22:15 IST" name="BeforeSuite" finished-at="2024-06-14T23:22:15 IST" duration-ms="245" status="PASS">
          <reporter-output>
          </reporter-output>
        </test-method> <!-- BeforeSuite -->
        <test-method is-config="true" signature="LunchBrowser()[pri:0, instance:TestCase.Allmoduletestcases@7f3b84b8]" started-at="2024-06-14T23:22:15 IST" name="LunchBrowser" finished-at="2024-06-14T23:22:21 IST" duration-ms="5731" status="PASS">
          <reporter-output>
          </reporter-output>
        </test-method> <!-- LunchBrowser -->
        <test-method signature="Dashboard()[pri:0, instance:TestCase.Allmoduletestcases@7f3b84b8]" started-at="2024-06-14T23:22:21 IST" name="Dashboard" finished-at="2024-06-14T23:26:26 IST" duration-ms="244938" status="PASS">
          <reporter-output>
          </reporter-output>
        </test-method> <!-- Dashboard -->
        <test-method is-config="true" signature="teardown()[pri:0, instance:TestCase.Allmoduletestcases@7f3b84b8]" started-at="2024-06-14T23:26:26 IST" name="teardown" finished-at="2024-06-14T23:26:26 IST" duration-ms="1" status="PASS">
          <reporter-output>
          </reporter-output>
        </test-method> <!-- teardown -->
        <test-method is-config="true" signature="AfterSuite()[pri:0, instance:TestCase.Allmoduletestcases@7f3b84b8]" started-at="2024-06-14T23:26:26 IST" name="AfterSuite" finished-at="2024-06-14T23:26:26 IST" duration-ms="491" status="PASS">
          <reporter-output>
          </reporter-output>
        </test-method> <!-- AfterSuite -->
      </class> <!-- TestCase.Allmoduletestcases -->
    </test> <!-- Test -->
  </suite> <!-- Suite -->
</testng-results>
