<?xml version="1.0" encoding="UTF-8"?>
<testng-results ignored="14" total="22" passed="8" failed="0" skipped="0">
  <reporter-output>
  </reporter-output>
  <suite started-at="2023-12-05T14:57:00 IST" name="Suite" finished-at="2023-12-05T15:24:59 IST" duration-ms="1679720">
    <groups>
    </groups>
    <test started-at="2023-12-05T14:57:00 IST" name="Test" finished-at="2023-12-05T15:24:59 IST" duration-ms="1679720">
      <class name="TestCase.VerifyCostOfSecurityControl">
        <test-method is-config="true" signature="LunchBrowser()[pri:0, instance:TestCase.VerifyCostOfSecurityControl@4d154ccd]" started-at="2023-12-05T15:19:51 IST" name="LunchBrowser" finished-at="2023-12-05T15:19:57 IST" duration-ms="6847" status="PASS">
          <reporter-output>
          </reporter-output>
        </test-method> <!-- LunchBrowser -->
        <test-method signature="CostOfSecurityControl()[pri:0, instance:TestCase.VerifyCostOfSecurityControl@4d154ccd]" started-at="2023-12-05T15:19:57 IST" name="CostOfSecurityControl" finished-at="2023-12-05T15:22:35 IST" duration-ms="157908" status="PASS">
          <reporter-output>
          </reporter-output>
        </test-method> <!-- CostOfSecurityControl -->
        <test-method is-config="true" signature="teardown()[pri:0, instance:TestCase.VerifyCostOfSecurityControl@4d154ccd]" started-at="2023-12-05T15:22:35 IST" name="teardown" finished-at="2023-12-05T15:22:35 IST" duration-ms="0" status="PASS">
          <reporter-output>
          </reporter-output>
        </test-method> <!-- teardown -->
      </class> <!-- TestCase.VerifyCostOfSecurityControl -->
      <class name="TestCase.VerifyAssetSummaryValidationNegative">
        <test-method is-config="true" signature="LunchBrowser()[pri:0, instance:TestCase.VerifyAssetSummaryValidationNegative@65c7a252]" started-at="2023-12-05T15:17:23 IST" name="LunchBrowser" finished-at="2023-12-05T15:17:30 IST" duration-ms="6820" status="PASS">
          <reporter-output>
          </reporter-output>
        </test-method> <!-- LunchBrowser -->
        <test-method signature="AssetSummaryValidationNegative()[pri:0, instance:TestCase.VerifyAssetSummaryValidationNegative@65c7a252]" started-at="2023-12-05T15:17:30 IST" name="AssetSummaryValidationNegative" finished-at="2023-12-05T15:19:51 IST" duration-ms="140496" status="PASS">
          <reporter-output>
          </reporter-output>
        </test-method> <!-- AssetSummaryValidationNegative -->
        <test-method is-config="true" signature="teardown()[pri:0, instance:TestCase.VerifyAssetSummaryValidationNegative@65c7a252]" started-at="2023-12-05T15:19:51 IST" name="teardown" finished-at="2023-12-05T15:19:51 IST" duration-ms="0" status="PASS">
          <reporter-output>
          </reporter-output>
        </test-method> <!-- teardown -->
      </class> <!-- TestCase.VerifyAssetSummaryValidationNegative -->
      <class name="TestCase.VerifyCostOfSecurityControlNegative">
        <test-method is-config="true" signature="LunchBrowser()[pri:0, instance:TestCase.VerifyCostOfSecurityControlNegative@1e0b4072]" started-at="2023-12-05T15:22:35 IST" name="LunchBrowser" finished-at="2023-12-05T15:22:42 IST" duration-ms="7077" status="PASS">
          <reporter-output>
          </reporter-output>
        </test-method> <!-- LunchBrowser -->
        <test-method signature="CostOfSecurityControlNegative()[pri:0, instance:TestCase.VerifyCostOfSecurityControlNegative@1e0b4072]" started-at="2023-12-05T15:22:42 IST" name="CostOfSecurityControlNegative" finished-at="2023-12-05T15:24:59 IST" duration-ms="136872" status="PASS">
          <reporter-output>
          </reporter-output>
        </test-method> <!-- CostOfSecurityControlNegative -->
        <test-method is-config="true" signature="teardown()[pri:0, instance:TestCase.VerifyCostOfSecurityControlNegative@1e0b4072]" started-at="2023-12-05T15:24:59 IST" name="teardown" finished-at="2023-12-05T15:24:59 IST" duration-ms="0" status="PASS">
          <reporter-output>
          </reporter-output>
        </test-method> <!-- teardown -->
      </class> <!-- TestCase.VerifyCostOfSecurityControlNegative -->
      <class name="TestCase.VerifyRiskImpactNegativeTestCase">
        <test-method is-config="true" signature="LunchBrowser()[pri:0, instance:TestCase.VerifyRiskImpactNegativeTestCase@5677323c]" started-at="2023-12-05T15:14:18 IST" name="LunchBrowser" finished-at="2023-12-05T15:14:25 IST" duration-ms="7629" status="PASS">
          <reporter-output>
          </reporter-output>
        </test-method> <!-- LunchBrowser -->
        <test-method signature="RiskImpactNegativeTestCase()[pri:0, instance:TestCase.VerifyRiskImpactNegativeTestCase@5677323c]" started-at="2023-12-05T15:14:25 IST" name="RiskImpactNegativeTestCase" finished-at="2023-12-05T15:15:54 IST" duration-ms="88997" status="PASS">
          <reporter-output>
          </reporter-output>
        </test-method> <!-- RiskImpactNegativeTestCase -->
        <test-method is-config="true" signature="teardown()[pri:0, instance:TestCase.VerifyRiskImpactNegativeTestCase@5677323c]" started-at="2023-12-05T15:15:54 IST" name="teardown" finished-at="2023-12-05T15:15:54 IST" duration-ms="0" status="PASS">
          <reporter-output>
          </reporter-output>
        </test-method> <!-- teardown -->
      </class> <!-- TestCase.VerifyRiskImpactNegativeTestCase -->
      <class name="TestCase.VerifyRisk">
        <test-method is-config="true" signature="BeforeSuite()[pri:0, instance:TestCase.VerifyRisk@6fdbe764]" started-at="2023-12-05T14:56:59 IST" name="BeforeSuite" finished-at="2023-12-05T14:57:00 IST" duration-ms="291" status="PASS">
          <reporter-output>
          </reporter-output>
        </test-method> <!-- BeforeSuite -->
        <test-method is-config="true" signature="LunchBrowser()[pri:0, instance:TestCase.VerifyRisk@6fdbe764]" started-at="2023-12-05T14:57:00 IST" name="LunchBrowser" finished-at="2023-12-05T14:57:08 IST" duration-ms="8518" status="PASS">
          <reporter-output>
          </reporter-output>
        </test-method> <!-- LunchBrowser -->
        <test-method signature="Risk()[pri:0, instance:TestCase.VerifyRisk@6fdbe764]" started-at="2023-12-05T14:57:08 IST" name="Risk" finished-at="2023-12-05T15:06:45 IST" duration-ms="576714" status="PASS">
          <reporter-output>
          </reporter-output>
        </test-method> <!-- Risk -->
        <test-method is-config="true" signature="teardown()[pri:0, instance:TestCase.VerifyRisk@6fdbe764]" started-at="2023-12-05T15:06:45 IST" name="teardown" finished-at="2023-12-05T15:06:45 IST" duration-ms="0" status="PASS">
          <reporter-output>
          </reporter-output>
        </test-method> <!-- teardown -->
        <test-method is-config="true" signature="AfterSuite()[pri:0, instance:TestCase.VerifyRisk@6fdbe764]" started-at="2023-12-05T15:24:59 IST" name="AfterSuite" finished-at="2023-12-05T15:25:00 IST" duration-ms="502" status="PASS">
          <reporter-output>
          </reporter-output>
        </test-method> <!-- AfterSuite -->
      </class> <!-- TestCase.VerifyRisk -->
      <class name="TestCase.VerifyRiskImpact">
        <test-method is-config="true" signature="LunchBrowser()[pri:0, instance:TestCase.VerifyRiskImpact@537f60bf]" started-at="2023-12-05T15:12:12 IST" name="LunchBrowser" finished-at="2023-12-05T15:12:19 IST" duration-ms="7240" status="PASS">
          <reporter-output>
          </reporter-output>
        </test-method> <!-- LunchBrowser -->
        <test-method signature="RiskImpactTestCase()[pri:0, instance:TestCase.VerifyRiskImpact@537f60bf]" started-at="2023-12-05T15:12:19 IST" name="RiskImpactTestCase" finished-at="2023-12-05T15:14:18 IST" duration-ms="118352" status="PASS">
          <reporter-output>
          </reporter-output>
        </test-method> <!-- RiskImpactTestCase -->
        <test-method is-config="true" signature="teardown()[pri:0, instance:TestCase.VerifyRiskImpact@537f60bf]" started-at="2023-12-05T15:14:18 IST" name="teardown" finished-at="2023-12-05T15:14:18 IST" duration-ms="0" status="PASS">
          <reporter-output>
          </reporter-output>
        </test-method> <!-- teardown -->
      </class> <!-- TestCase.VerifyRiskImpact -->
      <class name="TestCase.VerifyEntityOnboarding">
        <test-method is-config="true" signature="LunchBrowser()[pri:0, instance:TestCase.VerifyEntityOnboarding@5824a83d]" started-at="2023-12-05T15:06:45 IST" name="LunchBrowser" finished-at="2023-12-05T15:06:52 IST" duration-ms="7405" status="PASS">
          <reporter-output>
          </reporter-output>
        </test-method> <!-- LunchBrowser -->
        <test-method signature="EntityOnboarding()[pri:0, instance:TestCase.VerifyEntityOnboarding@5824a83d]" started-at="2023-12-05T15:06:52 IST" name="EntityOnboarding" finished-at="2023-12-05T15:12:12 IST" duration-ms="319958" status="PASS">
          <reporter-output>
          </reporter-output>
        </test-method> <!-- EntityOnboarding -->
        <test-method is-config="true" signature="teardown()[pri:0, instance:TestCase.VerifyEntityOnboarding@5824a83d]" started-at="2023-12-05T15:12:12 IST" name="teardown" finished-at="2023-12-05T15:12:12 IST" duration-ms="1" status="PASS">
          <reporter-output>
          </reporter-output>
        </test-method> <!-- teardown -->
      </class> <!-- TestCase.VerifyEntityOnboarding -->
      <class name="TestCase.VerifyAssetSummaryValidation">
        <test-method is-config="true" signature="LunchBrowser()[pri:0, instance:TestCase.VerifyAssetSummaryValidation@18df8434]" started-at="2023-12-05T15:15:54 IST" name="LunchBrowser" finished-at="2023-12-05T15:16:02 IST" duration-ms="7220" status="PASS">
          <reporter-output>
          </reporter-output>
        </test-method> <!-- LunchBrowser -->
        <test-method signature="AssetSummaryValidation()[pri:0, instance:TestCase.VerifyAssetSummaryValidation@18df8434]" started-at="2023-12-05T15:16:02 IST" name="AssetSummaryValidation" finished-at="2023-12-05T15:17:23 IST" duration-ms="81597" status="PASS">
          <reporter-output>
          </reporter-output>
        </test-method> <!-- AssetSummaryValidation -->
        <test-method is-config="true" signature="teardown()[pri:0, instance:TestCase.VerifyAssetSummaryValidation@18df8434]" started-at="2023-12-05T15:17:23 IST" name="teardown" finished-at="2023-12-05T15:17:23 IST" duration-ms="0" status="PASS">
          <reporter-output>
          </reporter-output>
        </test-method> <!-- teardown -->
      </class> <!-- TestCase.VerifyAssetSummaryValidation -->
    </test> <!-- Test -->
  </suite> <!-- Suite -->
</testng-results>
